# npm audit report

ajv  <6.14.0 || >=7.0.0-alpha.0 <8.18.0
Severity: moderate
ajv has ReDoS when using `$data` option - https://github.com/advisories/GHSA-2g4f-4pwh-qvx6
ajv has ReDoS when using `$data` option - https://github.com/advisories/GHSA-2g4f-4pwh-qvx6
fix available via `npm audit fix`
node_modules/ajv
node_modules/ajv-formats/node_modules/ajv
node_modules/schema-utils/node_modules/ajv
node_modules/workbox-build/node_modules/ajv

axios  1.0.0 - 1.13.4
Severity: high
Axios is Vulnerable to Denial of Service via __proto__ Key in mergeConfig - https://github.com/advisories/GHSA-43fc-jf86-j433
fix available via `npm audit fix`
node_modules/axios

electron  <35.7.5
Severity: moderate
Electron has ASAR Integrity Bypass via resource modification - https://github.com/advisories/GHSA-vmqv-hx8q-j7mg
fix available via `npm audit fix --force`
Will install electron@40.6.1, which is a breaking change
node_modules/electron

jsonpath  *
Severity: high
JSONPath vulnerable to Prototype Pollution due to insufficient input validation of object keys in lib/index.js - https://github.com/advisories/GHSA-6c59-mwgh-r2x6
jsonpath has Arbitrary Code Injection via Unsafe Evaluation of JSON Path Expressions - https://github.com/advisories/GHSA-87r5-mp6g-5w5j
fix available via `npm audit fix`
node_modules/jsonpath

jspdf  <=4.1.0
Severity: high
jsPDF has a PDF Injection in AcroForm module allows Arbitrary JavaScript Execution (RadioButton.createOption and "AS" property) - https://github.com/advisories/GHSA-p5xg-68wr-hm3m
jsPDF has a PDF Object Injection via Unsanitized Input in addJS Method - https://github.com/advisories/GHSA-9vjf-qc39-jprp
jsPDF Affected by Client-Side/Server-Side Denial of Service via Malicious GIF Dimensions - https://github.com/advisories/GHSA-67pg-wm7f-q7fj
fix available via `npm audit fix`
node_modules/jspdf

minimatch  <=3.1.2 || 5.0.0 - 5.1.6 || 9.0.0 - 9.0.5
Severity: high
minimatch has a ReDoS via repeated wildcards with non-matching literal in pattern - https://github.com/advisories/GHSA-3ppc-4f35-3m26
minimatch has a ReDoS via repeated wildcards with non-matching literal in pattern - https://github.com/advisories/GHSA-3ppc-4f35-3m26
minimatch has a ReDoS via repeated wildcards with non-matching literal in pattern - https://github.com/advisories/GHSA-3ppc-4f35-3m26
fix available via `npm audit fix`
node_modules/@electron/rebuild/node_modules/minimatch
node_modules/@electron/universal/node_modules/minimatch
node_modules/config-file-ts/node_modules/minimatch
node_modules/filelist/node_modules/minimatch
node_modules/minimatch
node_modules/readdir-glob/node_modules/minimatch

nth-check  <2.0.1
Severity: high
Inefficient Regular Expression Complexity in nth-check - https://github.com/advisories/GHSA-rp65-9cf3-cjxr
fix available via `npm audit fix --force`
Will install react-scripts@0.0.0, which is a breaking change
node_modules/svgo/node_modules/nth-check
  css-select  <=3.1.0
  Depends on vulnerable versions of nth-check
  node_modules/svgo/node_modules/css-select
    svgo  1.0.0 - 1.3.2
    Depends on vulnerable versions of css-select
    node_modules/svgo
      @svgr/plugin-svgo  <=5.5.0
      Depends on vulnerable versions of svgo
      node_modules/@svgr/plugin-svgo
        @svgr/webpack  4.0.0 - 5.5.0
        Depends on vulnerable versions of @svgr/plugin-svgo
        node_modules/@svgr/webpack
          react-scripts  >=0.1.0
          Depends on vulnerable versions of @svgr/webpack
          Depends on vulnerable versions of resolve-url-loader
          Depends on vulnerable versions of webpack-dev-server
          node_modules/react-scripts

postcss  <8.4.31
Severity: moderate
PostCSS line return parsing error - https://github.com/advisories/GHSA-7fh5-64p2-3v2j
fix available via `npm audit fix --force`
Will install react-scripts@0.0.0, which is a breaking change
node_modules/resolve-url-loader/node_modules/postcss
  resolve-url-loader  0.0.1-experiment-postcss || 3.0.0-alpha.1 - 4.0.0
  Depends on vulnerable versions of postcss
  node_modules/resolve-url-loader

qs  6.7.0 - 6.14.1
qs's arrayLimit bypass in comma parsing allows denial of service - https://github.com/advisories/GHSA-w7fw-mjwx-w883
fix available via `npm audit fix`
node_modules/qs

tar  <=7.5.7
Severity: high
Race Condition in node-tar Path Reservations via Unicode Ligature Collisions on macOS APFS - https://github.com/advisories/GHSA-r6q2-hw4h-h46w
node-tar Vulnerable to Arbitrary File Creation/Overwrite via Hardlink Path Traversal - https://github.com/advisories/GHSA-34x7-hfp2-rc4v
node-tar is Vulnerable to Arbitrary File Overwrite and Symlink Poisoning via Insufficient Path Sanitization - https://github.com/advisories/GHSA-8qq5-rm4j-mr97
Arbitrary File Read/Write via Hardlink Target Escape Through Symlink Chain in node-tar Extraction - https://github.com/advisories/GHSA-83g3-92jg-28cx
fix available via `npm audit fix --force`
Will install sqlite3@5.0.2, which is a breaking change
node_modules/tar
  @electron/rebuild  3.2.10 - 4.0.2
  Depends on vulnerable versions of node-gyp
  Depends on vulnerable versions of tar
  node_modules/@electron/rebuild
    app-builder-lib  23.0.7 - 26.5.0
    Depends on vulnerable versions of @electron/rebuild
    Depends on vulnerable versions of dmg-builder
    Depends on vulnerable versions of electron-builder-squirrel-windows
    Depends on vulnerable versions of tar
    node_modules/app-builder-lib
      dmg-builder  23.0.7 - 26.5.0
      Depends on vulnerable versions of app-builder-lib
      node_modules/dmg-builder
        electron-builder  19.25.0 || 23.0.7 - 26.5.0
        Depends on vulnerable versions of app-builder-lib
        Depends on vulnerable versions of dmg-builder
        node_modules/electron-builder
      electron-builder-squirrel-windows  23.0.7 - 26.5.0
      Depends on vulnerable versions of app-builder-lib
      node_modules/electron-builder-squirrel-windows
  cacache  14.0.0 - 18.0.4
  Depends on vulnerable versions of tar
  node_modules/@electron/rebuild/node_modules/cacache
  node_modules/cacache
    make-fetch-happen  7.1.1 - 14.0.0
    Depends on vulnerable versions of cacache
    node_modules/@electron/rebuild/node_modules/make-fetch-happen
    node_modules/make-fetch-happen
      node-gyp  <=10.3.1
      Depends on vulnerable versions of make-fetch-happen
      Depends on vulnerable versions of tar
      node_modules/@electron/rebuild/node_modules/node-gyp
      node_modules/node-gyp
        sqlite3  >=5.0.0
        Depends on vulnerable versions of node-gyp
        Depends on vulnerable versions of tar
        node_modules/sqlite3

webpack-dev-server  <=5.2.0
Severity: moderate
webpack-dev-server users' source code may be stolen when they access a malicious web site with non-Chromium based browser - https://github.com/advisories/GHSA-9jgg-88mc-972h
webpack-dev-server users' source code may be stolen when they access a malicious web site - https://github.com/advisories/GHSA-4v9v-hfq4-rm2v
fix available via `npm audit fix --force`
Will install react-scripts@0.0.0, which is a breaking change
node_modules/webpack-dev-server

xlsx  *
Severity: high
Prototype Pollution in sheetJS - https://github.com/advisories/GHSA-4r6h-8v6p-xvw6
SheetJS Regular Expression Denial of Service (ReDoS) - https://github.com/advisories/GHSA-5pgg-2g8v-p4x9
No fix available
node_modules/xlsx

27 vulnerabilities (1 low, 5 moderate, 21 high)

To address issues that do not require attention, run:
  npm audit fix

To address all issues possible (including breaking changes), run:
  npm audit fix --force

Some issues need review, and may require choosing
a different dependency.
